mode: set
rest/main.go:12.13,23.2 8 0
rest/config/config.go:8.42,11.16 3 0
rest/config/config.go:11.16,12.33 1 0
rest/config/config.go:15.2,15.16 1 0
rest/config/migration.go:9.29,11.2 1 0
rest/controller/auth/request/login_request.go:10.61,15.2 1 0
rest/controller/auth/auth_controller.go:12.63,16.2 1 0
rest/controller/auth/auth_controller.go:22.76,26.16 4 0
rest/controller/auth/auth_controller.go:26.16,28.3 1 0
rest/controller/auth/auth_controller.go:29.2,29.60 1 0
rest/controller/auth/auth_controller.go:32.44,34.2 1 0
rest/controller/auth/response/auth_response.go:12.52,19.2 1 0
rest/controller/base/base_response.go:15.53,21.2 1 0
rest/controller/base/base_response.go:23.53,28.2 1 0
rest/repo/auth/auth_repo.go:9.41,13.2 1 0
rest/repo/auth/auth_repo.go:19.75,22.25 3 0
rest/repo/auth/auth_repo.go:22.25,24.3 1 0
rest/repo/auth/auth_repo.go:25.2,25.33 1 0
rest/repo/auth/record.go:12.44,19.2 1 0
rest/repo/auth/record.go:21.45,28.2 1 0
rest/middleware/jwt.go:15.59,27.16 4 0
rest/middleware/jwt.go:27.16,29.3 1 0
rest/middleware/jwt.go:30.2,30.15 1 0
rest/repo/auth/auth_repo.go:9.41,13.2 1 0
rest/repo/auth/auth_repo.go:19.75,22.25 3 0
rest/repo/auth/auth_repo.go:22.25,24.3 1 0
rest/repo/auth/auth_repo.go:25.2,25.33 1 0
rest/repo/auth/record.go:12.44,19.2 1 0
rest/repo/auth/record.go:21.45,28.2 1 0
rest/service/auth/auth_service.go:11.61,15.2 1 1
rest/service/auth/auth_service.go:21.81,22.22 1 1
rest/service/auth/auth_service.go:22.22,24.3 1 1
rest/service/auth/auth_service.go:24.8,24.32 1 1
rest/service/auth/auth_service.go:24.32,26.3 1 0
rest/service/auth/auth_service.go:28.2,30.16 3 1
rest/service/auth/auth_service.go:30.16,32.3 1 0
rest/service/auth/auth_service.go:33.2,33.18 1 1
rest/service/auth/auth_service.go:35.84,37.2 1 0
rest/service/auth/auth_service.go:39.52,42.2 2 0
rest/service/auth/auth_service.go:44.52,47.2 2 0
rest/service/auth/auth_service.go:49.24,51.16 2 1
rest/service/auth/auth_service.go:51.16,53.3 1 1
rest/service/auth/auth_service.go:55.2,55.15 1 1
